Build started 5/16/2012 8:35:14 PM.
     1>Project "d:\Users\Alex\Delta\Game-Delta\Game-Delta\Game-Delta.vcxproj" on node 2 (build target(s)).
     1>InitializeBuildStatus:
         Creating "Debug\Game-Delta.unsuccessfulbuild" because "AlwaysCreate" was specified.
       ClCompile:
         All outputs are up-to-date.
         d:\Program Files (x86)\Microsoft Visual Studio 10.0\VC\bin\CL.exe /c /ZI /nologo /W3 /WX- /Od /Oy- /D WIN32 /D _DEBUG /D _CONSOLE /D _UNICODE /D UNICODE /Gm /EHsc /RTC1 /MDd /GS /fp:precise /Zc:wchar_t /Zc:forScope /Yu"StdAfx.h" /Fp"Debug\Game-Delta.pch" /Fo"Debug\\" /Fd"Debug\vc100.pdb" /Gd /TP /analyze- /errorReport:prompt Controller.cpp
         Controller.cpp
       ManifestResourceCompile:
         All outputs are up-to-date.
       Link:
         d:\Program Files (x86)\Microsoft Visual Studio 10.0\VC\bin\link.exe /ERRORREPORT:PROMPT /OUT:"d:\Users\Alex\Delta\Game-Delta\Debug\Game-Delta.exe" /INCREMENTAL /NOLOGO kernel32.lib user32.lib gdi32.lib winspool.lib comdlg32.lib advapi32.lib shell32.lib ole32.lib oleaut32.lib uuid.lib odbc32.lib odbccp32.lib /MANIFEST /ManifestFile:"Debug\Game-Delta.exe.intermediate.manifest" /MANIFESTUAC:"level='asInvoker' uiAccess='false'" /DEBUG /PDB:"d:\Users\Alex\Delta\Game-Delta\Debug\Game-Delta.pdb" /SUBSYSTEM:CONSOLE /TLBID:1 /DYNAMICBASE /NXCOMPAT /IMPLIB:"d:\Users\Alex\Delta\Game-Delta\Debug\Game-Delta.lib" /MACHINE:X86 "Debug\Game-Delta.exe.embed.manifest.res"
         Debug\Controller.obj
         "Debug\Game-Delta.obj"
         Debug\stdafx.obj
       Manifest:
         D:\Program Files (x86)\Microsoft SDKs\Windows\v7.0A\bin\mt.exe /nologo /verbose /out:"Debug\Game-Delta.exe.embed.manifest" /manifest "Debug\Game-Delta.exe.intermediate.manifest"
         All outputs are up-to-date.
       LinkEmbedManifest:
         All outputs are up-to-date.
         Game-Delta.vcxproj -> d:\Users\Alex\Delta\Game-Delta\Debug\Game-Delta.exe
       FinalizeBuildStatus:
         Deleting file "Debug\Game-Delta.unsuccessfulbuild".
         Touching "Debug\Game-Delta.lastbuildstate".
     1>Done Building Project "d:\Users\Alex\Delta\Game-Delta\Game-Delta\Game-Delta.vcxproj" (build target(s)).

Build succeeded.

Time Elapsed 00:00:00.81
